<?xml version="1.0" encoding="UTF-8"?>
<!-- Generated by org.testng.reporters.JUnitReportReporter -->
<testsuite hostname="DESKTOP-0N88LAP" failures="0" tests="1" name="com.qa.testscripts.TC_Amazon_003" time="12.433" errors="0" timestamp="2021-04-10T10:05:08 IST" skipped="0">
  <testcase classname="com.qa.testscripts.TC_Amazon_003" name="AmazonRegister" time="12.433"/>
  <system-out>
Amazon Registration  </system-out>
</testsuite> <!-- com.qa.testscripts.TC_Amazon_003 -->
