<?xml version="1.0" encoding="UTF-8"?>
<!-- Generated by org.testng.reporters.JUnitReportReporter -->
<testsuite hostname="DESKTOP-0N88LAP" failures="0" tests="3" name="com.qa.testscripts.TC_Amazon_001" time="46.993" errors="0" timestamp="2021-04-10T10:05:08 IST" skipped="0">
  <testcase classname="com.qa.testscripts.TC_Amazon_001" name="searchItem" time="27.173"/>
  <system-out>
Amazon.in : Da vinci code  </system-out>
  <testcase classname="com.qa.testscripts.TC_Amazon_001" name="searchItem" time="11.843"/>
  <system-out>
Amazon.in : Wooden Tables  </system-out>
  <testcase classname="com.qa.testscripts.TC_Amazon_001" name="searchItem" time="7.977"/>
  <system-out>
Amazon.in : Mobile phones  </system-out>
</testsuite> <!-- com.qa.testscripts.TC_Amazon_001 -->
